<?xml version="1.0" encoding="UTF-8"?>
<!-- Generated by org.testng.reporters.JUnitReportReporter -->
<testsuite skipped="0" hostname="INL49-00BAAAAGG" name="org.cynergy.automation.testcase.Testclassfile" tests="3" failures="0" timestamp="27 Nov 2021 09:09:26 GMT" time="74.502" errors="1">
  <testcase name="teardown" time="12.970" classname="org.cynergy.automation.testcase.Testclassfile">
    <error type="java.lang.NullPointerException">
      <![CDATA[java.lang.NullPointerException
	at org.cynergy.automation.utility.AppiumServer.stopServer(AppiumServer.java:46)
	at org.cynergy.automation.baselib.BaseLib.teardown(BaseLib.java:115)
	at sun.reflect.NativeMethodAccessorImpl.invoke0(Native Method)
	at sun.reflect.NativeMethodAccessorImpl.invoke(Unknown Source)
	at sun.reflect.DelegatingMethodAccessorImpl.invoke(Unknown Source)
	at java.lang.reflect.Method.invoke(Unknown Source)
	at org.testng.internal.MethodInvocationHelper.invokeMethod(MethodInvocationHelper.java:108)
	at org.testng.internal.Invoker.invokeConfigurationMethod(Invoker.java:523)
	at org.testng.internal.Invoker.invokeConfigurations(Invoker.java:224)
	at org.testng.internal.Invoker.invokeConfigurations(Invoker.java:146)
	at org.testng.SuiteRunner.privateRun(SuiteRunner.java:350)
	at org.testng.SuiteRunner.run(SuiteRunner.java:289)
	at org.testng.SuiteRunnerWorker.runSuite(SuiteRunnerWorker.java:52)
	at org.testng.SuiteRunnerWorker.run(SuiteRunnerWorker.java:86)
	at org.testng.TestNG.runSuitesSequentially(TestNG.java:1301)
	at org.testng.TestNG.runSuitesLocally(TestNG.java:1226)
	at org.testng.TestNG.runSuites(TestNG.java:1144)
	at org.testng.TestNG.run(TestNG.java:1115)
	at org.testng.remote.AbstractRemoteTestNG.run(AbstractRemoteTestNG.java:132)
	at org.testng.remote.RemoteTestNG.initAndRun(RemoteTestNG.java:230)
	at org.testng.remote.RemoteTestNG.main(RemoteTestNG.java:76)
]]>
    </error>
  </testcase> <!-- teardown -->
  <testcase name="runfirsttestcase" time="49.741" classname="org.cynergy.automation.testcase.Testclassfile"/>
  <testcase name="runSecondTestcase" time="11.791" classname="org.cynergy.automation.testcase.Testclassfile"/>
</testsuite> <!-- org.cynergy.automation.testcase.Testclassfile -->
