<?xml version="1.0" encoding="UTF-8"?>
<!-- Generated by org.testng.reporters.JUnitReportReporter -->
<testsuite hostname="L-156175240" failures="0" tests="1" name="automation.SeleniumTest" time="0.012" errors="0" timestamp="2021-12-07T16:24:52 IST" skipped="0">
  <testcase classname="automation.SeleniumTest" name="Selenium" time="0.012"/>
  <system-out/>
</testsuite> <!-- automation.SeleniumTest -->
