<?xml version="1.0" encoding="UTF-8"?>
<!-- Generated by org.testng.reporters.JUnitReportReporter -->
<testsuite skipped="0" hostname="INL49-00BAAAAGG" name="org.cynergy.automation.testcase.ForgotPasswordTestcase" tests="8" failures="0" timestamp="29 Nov 2021 07:15:36 GMT" time="0.024" errors="0">
  <testcase name="forgotPassword" time="0.012" classname="org.cynergy.automation.testcase.ForgotPasswordTestcase"/>
  <testcase name="forgotPassword" time="0.001" classname="org.cynergy.automation.testcase.ForgotPasswordTestcase"/>
  <testcase name="forgotPassword" time="0.002" classname="org.cynergy.automation.testcase.ForgotPasswordTestcase"/>
  <testcase name="forgotPassword" time="0.002" classname="org.cynergy.automation.testcase.ForgotPasswordTestcase"/>
  <testcase name="forgotPassword" time="0.001" classname="org.cynergy.automation.testcase.ForgotPasswordTestcase"/>
  <testcase name="forgotPassword" time="0.002" classname="org.cynergy.automation.testcase.ForgotPasswordTestcase"/>
  <testcase name="forgotPassword" time="0.002" classname="org.cynergy.automation.testcase.ForgotPasswordTestcase"/>
  <testcase name="forgotPassword" time="0.002" classname="org.cynergy.automation.testcase.ForgotPasswordTestcase"/>
</testsuite> <!-- org.cynergy.automation.testcase.ForgotPasswordTestcase -->
