<?xml version="1.0" encoding="UTF-8"?>
<!-- Generated by org.testng.reporters.JUnitReportReporter -->
<testsuite skipped="0" hostname="INL49-00BAAAAGG" name="org.cynergy.automation.testcase.Login_Testcase" tests="4" failures="0" timestamp="29 Nov 2021 10:06:06 GMT" time="36.356" errors="0">
  <testcase name="Login_TC_0001" time="9.462" classname="org.cynergy.automation.testcase.Login_Testcase"/>
  <testcase name="Login_TC_0002" time="5.826" classname="org.cynergy.automation.testcase.Login_Testcase"/>
  <testcase name="Login" time="9.850" classname="org.cynergy.automation.testcase.Login_Testcase"/>
  <testcase name="Login" time="11.218" classname="org.cynergy.automation.testcase.Login_Testcase"/>
</testsuite> <!-- org.cynergy.automation.testcase.Login_Testcase -->
