<?xml version="1.0" encoding="UTF-8"?>
<!-- Generated by org.testng.reporters.JUnitReportReporter -->
<testsuite hostname="L-156175240" failures="0" tests="1" name="automation.APITest" time="0.017" errors="0" timestamp="2021-12-07T16:45:02 IST" skipped="0">
  <testcase classname="automation.APITest" name="APIMethod" time="0.017"/>
  <system-out/>
</testsuite> <!-- automation.APITest -->
